<?xml version="1.0" encoding="UTF-8"?>
<!-- Generated by org.testng.reporters.JUnitXMLReporter -->
<testsuite ignored="0" hostname="LAPTOP-KLEB0GDL" failures="0" tests="3" name="Valid Login from Main Login Button" time="9.966" errors="0" timestamp="2023-08-28T20:15:35 BOT">
  <testcase classname="base.BaseTests" name="@BeforeClass setUp" time="9.219">
    <failure type="org.openqa.selenium.remote.http.ConnectionFailedException" message="Unable to establish websocket connection to http://localhost:65051/devtools/browser/c9b6528a-57a9-45be-a3ee-5237754987fc
Build info: version: &amp;apos;4.4.0&amp;apos;, revision: &amp;apos;e5c75ed026a&amp;apos;
System info: host: &amp;apos;LAPTOP-KLEB0GDL&amp;apos;, ip: &amp;apos;192.168.56.1&amp;apos;, os.name: &amp;apos;Windows 10&amp;apos;, os.arch: &amp;apos;amd64&amp;apos;, os.version: &amp;apos;10.0&amp;apos;, java.version: &amp;apos;17.0.8&amp;apos;
Driver info: driver.version: ChromeDriver">
      <![CDATA[org.openqa.selenium.remote.http.ConnectionFailedException: Unable to establish websocket connection to http://localhost:65051/devtools/browser/c9b6528a-57a9-45be-a3ee-5237754987fc
Build info: version: '4.4.0', revision: 'e5c75ed026a'
System info: host: 'LAPTOP-KLEB0GDL', ip: '192.168.56.1', os.name: 'Windows 10', os.arch: 'amd64', os.version: '10.0', java.version: '17.0.8'
Driver info: driver.version: ChromeDriver
at org.openqa.selenium.remote.http.netty.NettyWebSocket.<init>(NettyWebSocket.java:102)
at org.openqa.selenium.remote.http.netty.NettyWebSocket.lambda$create$3(NettyWebSocket.java:128)
at org.openqa.selenium.remote.http.netty.NettyClient.openSocket(NettyClient.java:106)
at org.openqa.selenium.devtools.Connection.<init>(Connection.java:77)
at org.openqa.selenium.chromium.ChromiumDriver.lambda$new$2(ChromiumDriver.java:116)
at java.base/java.util.Optional.map(Optional.java:260)
at org.openqa.selenium.chromium.ChromiumDriver.<init>(ChromiumDriver.java:114)
at org.openqa.selenium.chrome.ChromeDriver.<init>(ChromeDriver.java:81)
at org.openqa.selenium.chrome.ChromeDriver.<init>(ChromeDriver.java:49)
at base.BaseTests.setUp(BaseTests.java:43)
at java.base/java.util.ArrayList.forEach(ArrayList.java:1511)
... Removed 25 stack frames]]>
    </failure>
  </testcase> <!-- @BeforeClass setUp -->
  <testcase classname="base.BaseTests" name="@AfterClass tearDown" time="0.0">
    <skipped/>
  </testcase> <!-- @AfterClass tearDown -->
  <testcase classname="tests.MainValidLoginTest" name="testStep_1" time="0.0">
    <skipped/>
  </testcase> <!-- testStep_1 -->
  <testcase classname="tests.MainValidLoginTest" name="testStep_2" time="0.0">
    <skipped/>
  </testcase> <!-- testStep_2 -->
  <testcase classname="tests.MainValidLoginTest" name="testStep_3" time="0.0">
    <skipped/>
  </testcase> <!-- testStep_3 -->
</testsuite> <!-- Valid Login from Main Login Button -->
